<?xml version="1.0" encoding="UTF-8" ?>
<testsuite errors="0" failures="0" hostname="ADMINIB-USGJO43" name="edu.issi.machine.product.ingredient.IngredientTest" skipped="0" tests="9" time="0.006" timestamp="2015-01-26T09:18:12">
  <properties>
    <property name="java.vendor" value="Oracle Corporation" />
    <property name="sun.java.launcher" value="SUN_STANDARD" />
    <property name="eclipse.pdebuild.templates" value="/C:/Program Files/eclipse/plugins/org.eclipse.pde.build_3.9.0.v20140415-2029/templates/" />
    <property name="sun.management.compiler" value="HotSpot 64-Bit Tiered Compilers" />
    <property name="os.name" value="Windows 7" />
    <property name="sun.boot.class.path" value="C:\Program Files\Java\jdk1.8.0_25\jre\lib\resources.jar;C:\Program Files\Java\jdk1.8.0_25\jre\lib\rt.jar;C:\Program Files\Java\jdk1.8.0_25\jre\lib\sunrsasign.jar;C:\Program Files\Java\jdk1.8.0_25\jre\lib\jsse.jar;C:\Program Files\Java\jdk1.8.0_25\jre\lib\jce.jar;C:\Program Files\Java\jdk1.8.0_25\jre\lib\charsets.jar;C:\Program Files\Java\jdk1.8.0_25\jre\lib\jfr.jar;C:\Program Files\Java\jdk1.8.0_25\jre\classes" />
    <property name="user.country.format" value="PL" />
    <property name="sun.desktop" value="windows" />
    <property name="java.vm.specification.vendor" value="Oracle Corporation" />
    <property name="ant.home" value="C:\Program Files\eclipse\plugins\org.apache.ant_1.9.2.v201404171502" />
    <property name="java.runtime.version" value="1.8.0_25-b18" />
    <property name="user.name" value="DawidSamolyk" />
    <property name="user.language.format" value="pl" />
    <property name="product" value="C:\Users\IBM_ADMIN\git\uz_modelowanie_coffeemachine\product" />
    <property name="reports" value="C:\Users\IBM_ADMIN\git\uz_modelowanie_coffeemachine\reports" />
    <property name="user.language" value="en" />
    <property name="sun.boot.library.path" value="C:\Program Files\Java\jdk1.8.0_25\jre\bin" />
    <property name="ant.project.default-target" value="Run tests and generate report" />
    <property name="ant.project.name" value="CofeeMachine" />
    <property name="java.version" value="1.8.0_25" />
    <property name="user.timezone" value="Europe/Belgrade" />
    <property name="bin" value="C:\Users\IBM_ADMIN\git\uz_modelowanie_coffeemachine\bin" />
    <property name="sun.arch.data.model" value="64" />
    <property name="java.endorsed.dirs" value="C:\Program Files\Java\jdk1.8.0_25\jre\lib\endorsed" />
    <property name="sun.cpu.isalist" value="amd64" />
    <property name="sun.jnu.encoding" value="Cp1250" />
    <property name="file.encoding.pkg" value="sun.io" />
    <property name="file.separator" value="\" />
    <property name="java.specification.name" value="Java Platform API Specification" />
    <property name="java.class.version" value="52.0" />
    <property name="src" value="C:\Users\IBM_ADMIN\git\uz_modelowanie_coffeemachine\src" />
    <property name="user.country" value="US" />
    <property name="java.home" value="C:\Program Files\Java\jdk1.8.0_25\jre" />
    <property name="java.vm.info" value="mixed mode" />
    <property name="ant.file" value="C:\Users\IBM_ADMIN\git\uz_modelowanie_coffeemachine\build.xml" />
    <property name="os.version" value="6.1" />
    <property name="ant.file.CofeeMachine" value="C:\Users\IBM_ADMIN\git\uz_modelowanie_coffeemachine\build.xml" />
    <property name="path.separator" value=";" />
    <property name="java.vm.version" value="25.25-b02" />
    <property name="ant.file.type.CofeeMachine" value="file" />
    <property name="user.variant" value="" />
    <property name="ant.library.dir" value="C:\Program Files\eclipse\plugins\org.apache.ant_1.9.2.v201404171502\lib" />
    <property name="java.awt.printerjob" value="sun.awt.windows.WPrinterJob" />
    <property name="sun.io.unicode.encoding" value="UnicodeLittle" />
    <property name="awt.toolkit" value="sun.awt.windows.WToolkit" />
    <property name="user.script" value="" />
    <property name="eclipse.pdebuild.scripts" value="/C:/Program Files/eclipse/plugins/org.eclipse.pde.build_3.9.0.v20140415-2029/scripts/" />
    <property name="user.home" value="C:\Users\IBM_ADMIN" />
    <property name="java.specification.vendor" value="Oracle Corporation" />
    <property name="test" value="C:\Users\IBM_ADMIN\git\uz_modelowanie_coffeemachine\test" />
    <property name="java.library.path" value="C:\Program Files\eclipse;C:\windows\Sun\Java\bin;C:\windows\system32;C:\windows;C:/Program Files/Java/jre1.8.0_25/bin/server;C:/Program Files/Java/jre1.8.0_25/bin;C:/Program Files/Java/jre1.8.0_25/lib/amd64;C:\ProgramData\Oracle\Java\javapath;C:\windows\system32;C:\windows;C:\windows\System32\Wbem;C:\windows\System32\WindowsPowerShell\v1.0\;C:\Program Files\IBM\Infoprint Select;C:\Program Files\ThinkPad\Bluetooth Software\;C:\Program Files\ThinkPad\Bluetooth Software\syswow64;C:\Program Files\Intel\WiFi\bin\;C:\Program Files\Common Files\Intel\WirelessCommon\;C:\Program Files (x86)\Lenovo\Access Connections\;C:\Program Files (x86)\IBM\Mobility Client\;C:\Program Files (x86)\Common Files\Roxio Shared\DLLShared\;C:\Program Files (x86)\Common Files\Roxio Shared\DLLShared\;C:\Program Files (x86)\Common Files\Roxio Shared\13.0\DLLShared\;C:\Program Files (x86)\Intel\OpenCL SDK\2.0\bin\x86;C:\Program Files (x86)\Intel\OpenCL SDK\2.0\bin\x64;C:\Program Files (x86)\CloudFoundry;C:\Program Files (x86)\nodejs\;C:\Program Files\TortoiseGit\bin;C:\Program Files\Intel\WiFi\bin\;C:\Program Files\Common Files\Intel\WirelessCommon\;C:\Users\IBM_ADMIN\AppData\Roaming\npm;C:\Program Files\eclipse;;.;C:\Users\IBM_ADMIN\.eclipse\org.eclipse.platform_4.4.1_1709980481_win32_win32_x86_64\configuration\org.eclipse.osgi\676\0\.cp" />
    <property name="java.vendor.url" value="http://java.oracle.com/" />
    <property name="java.vm.vendor" value="Oracle Corporation" />
    <property name="java.runtime.name" value="Java(TM) SE Runtime Environment" />
    <property name="sun.java.command" value="org.eclipse.ant.internal.launching.remote.InternalAntRunner -Dorg.eclipse.ant.core.ANT_PROCESS_ID=1422263891538 -Declipse.connect.port=53046 -Declipse.pdebuild.home=/C:/Program Files/eclipse/plugins/org.eclipse.pde.build_3.9.0.v20140415-2029/./ -Declipse.pdebuild.scripts=/C:/Program Files/eclipse/plugins/org.eclipse.pde.build_3.9.0.v20140415-2029/scripts/ -Declipse.pdebuild.templates=/C:/Program Files/eclipse/plugins/org.eclipse.pde.build_3.9.0.v20140415-2029/templates/ -Dant.home=C:\Program Files\eclipse\plugins\org.apache.ant_1.9.2.v201404171502 -logger org.eclipse.ant.internal.launching.remote.logger.RemoteAntBuildLogger -inputhandler org.eclipse.ant.internal.ui.antsupport.inputhandler.ProxyInputHandler -buildfile C:\Users\IBM_ADMIN\git\uz_modelowanie_coffeemachine\build.xml" />
    <property name="java.class.path" value="C:\Program Files\eclipse\plugins\org.apache.ant_1.9.2.v201404171502\lib\ant-antlr.jar;C:\Program Files\eclipse\plugins\org.apache.ant_1.9.2.v201404171502\lib\ant-apache-bcel.jar;C:\Program Files\eclipse\plugins\org.apache.ant_1.9.2.v201404171502\lib\ant-apache-bsf.jar;C:\Program Files\eclipse\plugins\org.apache.ant_1.9.2.v201404171502\lib\ant-apache-log4j.jar;C:\Program Files\eclipse\plugins\org.apache.ant_1.9.2.v201404171502\lib\ant-apache-oro.jar;C:\Program Files\eclipse\plugins\org.apache.ant_1.9.2.v201404171502\lib\ant-apache-regexp.jar;C:\Program Files\eclipse\plugins\org.apache.ant_1.9.2.v201404171502\lib\ant-apache-resolver.jar;C:\Program Files\eclipse\plugins\org.apache.ant_1.9.2.v201404171502\lib\ant-apache-xalan2.jar;C:\Program Files\eclipse\plugins\org.apache.ant_1.9.2.v201404171502\lib\ant-commons-logging.jar;C:\Program Files\eclipse\plugins\org.apache.ant_1.9.2.v201404171502\lib\ant-commons-net.jar;C:\Program Files\eclipse\plugins\org.apache.ant_1.9.2.v201404171502\lib\ant-jai.jar;C:\Program Files\eclipse\plugins\org.apache.ant_1.9.2.v201404171502\lib\ant-javamail.jar;C:\Program Files\eclipse\plugins\org.apache.ant_1.9.2.v201404171502\lib\ant-jdepend.jar;C:\Program Files\eclipse\plugins\org.apache.ant_1.9.2.v201404171502\lib\ant-jmf.jar;C:\Program Files\eclipse\plugins\org.apache.ant_1.9.2.v201404171502\lib\ant-jsch.jar;C:\Program Files\eclipse\plugins\org.apache.ant_1.9.2.v201404171502\lib\ant-junit.jar;C:\Program Files\eclipse\plugins\org.apache.ant_1.9.2.v201404171502\lib\ant-junit4.jar;C:\Program Files\eclipse\plugins\org.apache.ant_1.9.2.v201404171502\lib\ant-launcher.jar;C:\Program Files\eclipse\plugins\org.apache.ant_1.9.2.v201404171502\lib\ant-netrexx.jar;C:\Program Files\eclipse\plugins\org.apache.ant_1.9.2.v201404171502\lib\ant-swing.jar;C:\Program Files\eclipse\plugins\org.apache.ant_1.9.2.v201404171502\lib\ant-testutil.jar;C:\Program Files\eclipse\plugins\org.apache.ant_1.9.2.v201404171502\lib\ant.jar;C:\Users\IBM_ADMIN\.eclipse\org.eclipse.platform_4.4.1_1709980481_win32_win32_x86_64\configuration\org.eclipse.osgi\64\0\.cp\lib\antdebug.jar;C:\Users\IBM_ADMIN\.eclipse\org.eclipse.platform_4.4.1_1709980481_win32_win32_x86_64\configuration\org.eclipse.osgi\64\0\.cp\lib\remote.jar;C:\Users\IBM_ADMIN\.eclipse\org.eclipse.platform_4.4.1_1709980481_win32_win32_x86_64\configuration\org.eclipse.osgi\65\0\.cp\lib\remoteAnt.jar;C:\Program Files\Java\jdk1.8.0_25\lib\tools.jar;C:\Program Files\eclipse\plugins\org.eclipse.swt.win32.win32.x86_64_3.103.1.v20140903-1947.jar" />
    <property name="ant.version" value="Apache Ant(TM) version 1.9.2 compiled on July 8 2013" />
    <property name="java.vm.specification.name" value="Java Virtual Machine Specification" />
    <property name="java.vm.specification.version" value="1.8" />
    <property name="sun.cpu.endian" value="little" />
    <property name="sun.os.patch.level" value="Service Pack 1" />
    <property name="eclipse.pdebuild.home" value="/C:/Program Files/eclipse/plugins/org.eclipse.pde.build_3.9.0.v20140415-2029/./" />
    <property name="java.io.tmpdir" value="C:\Users\IBM_AD~1\AppData\Local\Temp\" />
    <property name="java.vendor.url.bug" value="http://bugreport.sun.com/bugreport/" />
    <property name="os.arch" value="amd64" />
    <property name="java.awt.graphicsenv" value="sun.awt.Win32GraphicsEnvironment" />
    <property name="javadoc" value="C:\Users\IBM_ADMIN\git\uz_modelowanie_coffeemachine\javadoc" />
    <property name="java.ext.dirs" value="C:\Program Files\Java\jdk1.8.0_25\jre\lib\ext;C:\windows\Sun\Java\lib\ext" />
    <property name="user.dir" value="C:\Users\IBM_ADMIN\git\uz_modelowanie_coffeemachine" />
    <property name="line.separator" value="&#xd;&#xa;" />
    <property name="java.vm.name" value="Java HotSpot(TM) 64-Bit Server VM" />
    <property name="basedir" value="C:\Users\IBM_ADMIN\git\uz_modelowanie_coffeemachine" />
    <property name="ant.java.version" value="1.8" />
    <property name="ant.core.lib" value="C:\Program Files\eclipse\plugins\org.apache.ant_1.9.2.v201404171502\lib\ant.jar" />
    <property name="file.encoding" value="Cp1250" />
    <property name="java.specification.version" value="1.8" />
    <property name="ant.project.invoked-targets" value="Run tests and generate report" />
  </properties>
  <testcase classname="edu.issi.machine.product.ingredient.IngredientTest" name="ingredientShouldProvidesSpecifiedProperty" time="0.0" />
  <testcase classname="edu.issi.machine.product.ingredient.IngredientTest" name="ingredientShouldNotProvidesUnknownProperty" time="0.0" />
  <testcase classname="edu.issi.machine.product.ingredient.IngredientTest" name="ingredientShouldNotProvidesEmptyProperty" time="0.0" />
  <testcase classname="edu.issi.machine.product.ingredient.IngredientTest" name="ingredientShouldRemovesSpecifiedProperty" time="0.0" />
  <testcase classname="edu.issi.machine.product.ingredient.IngredientTest" name="ingredientShouldNotRemovesUnknownProperty" time="0.001" />
  <testcase classname="edu.issi.machine.product.ingredient.IngredientTest" name="ingredientShouldNotRemovesEmptyProperty" time="0.0" />
  <testcase classname="edu.issi.machine.product.ingredient.IngredientTest" name="ingredientShouldHoldsProperties" time="0.0" />
  <testcase classname="edu.issi.machine.product.ingredient.IngredientTest" name="ingredientShouldProvidesOperationStatesAfterAllOperationsExecuting" time="0.0" />
  <testcase classname="edu.issi.machine.product.ingredient.IngredientTest" name="ingredientShouldNotProvidesOperationStatesWhenThereIsntAnyOperationsToExecute" time="0.0" />
  <system-out><![CDATA[]]></system-out>
  <system-err><![CDATA[]]></system-err>
</testsuite>
