<?xml version="1.0" encoding="UTF-8" ?>
<testsuite errors="0" failures="0" hostname="MSI-GT663R-WIN7" name="edu.issi.machine.configuration.MachineConfigurationTest" skipped="0" tests="2" time="0.094" timestamp="2014-12-15T18:56:11">
  <properties>
    <property name="java.vendor" value="Oracle Corporation" />
    <property name="sun.java.launcher" value="SUN_STANDARD" />
    <property name="eclipse.pdebuild.templates" value="/F:/Dane/Programowanie/eclipse/plugins/org.eclipse.pde.build_3.9.0.v20140415-2029/templates/" />
    <property name="sun.management.compiler" value="HotSpot 64-Bit Tiered Compilers" />
    <property name="os.name" value="Windows 7" />
    <property name="sun.boot.class.path" value="C:\Program Files\Java\jdk1.7.0_71\jre\lib\resources.jar;C:\Program Files\Java\jdk1.7.0_71\jre\lib\rt.jar;C:\Program Files\Java\jdk1.7.0_71\jre\lib\sunrsasign.jar;C:\Program Files\Java\jdk1.7.0_71\jre\lib\jsse.jar;C:\Program Files\Java\jdk1.7.0_71\jre\lib\jce.jar;C:\Program Files\Java\jdk1.7.0_71\jre\lib\charsets.jar;C:\Program Files\Java\jdk1.7.0_71\jre\lib\jfr.jar;C:\Program Files\Java\jdk1.7.0_71\jre\classes" />
    <property name="sun.desktop" value="windows" />
    <property name="java.vm.specification.vendor" value="Oracle Corporation" />
    <property name="ant.home" value="F:\Dane\Programowanie\eclipse\plugins\org.apache.ant_1.9.2.v201404171502" />
    <property name="java.runtime.version" value="1.7.0_71-b14" />
    <property name="user.name" value="Dawid" />
    <property name="product" value="C:\Users\Dawid\git\uz_modelowanie\product" />
    <property name="reports" value="C:\Users\Dawid\git\uz_modelowanie\reports" />
    <property name="user.language" value="pl" />
    <property name="build" value="C:\Users\Dawid\git\uz_modelowanie\build" />
    <property name="sun.boot.library.path" value="C:\Program Files\Java\jdk1.7.0_71\jre\bin" />
    <property name="ant.project.default-target" value="Run tests and generate report" />
    <property name="ant.project.name" value="CofeeMachine" />
    <property name="java.version" value="1.7.0_71" />
    <property name="user.timezone" value="" />
    <property name="sun.arch.data.model" value="64" />
    <property name="java.endorsed.dirs" value="C:\Program Files\Java\jdk1.7.0_71\jre\lib\endorsed" />
    <property name="sun.cpu.isalist" value="amd64" />
    <property name="sun.jnu.encoding" value="Cp1250" />
    <property name="file.encoding.pkg" value="sun.io" />
    <property name="file.separator" value="\" />
    <property name="java.specification.name" value="Java Platform API Specification" />
    <property name="java.class.version" value="51.0" />
    <property name="src" value="C:\Users\Dawid\git\uz_modelowanie\src" />
    <property name="user.country" value="PL" />
    <property name="java.home" value="C:\Program Files\Java\jdk1.7.0_71\jre" />
    <property name="java.vm.info" value="mixed mode" />
    <property name="ant.file" value="C:\Users\Dawid\git\uz_modelowanie\build.xml" />
    <property name="os.version" value="6.1" />
    <property name="ant.file.CofeeMachine" value="C:\Users\Dawid\git\uz_modelowanie\build.xml" />
    <property name="path.separator" value=";" />
    <property name="java.vm.version" value="24.71-b01" />
    <property name="ant.file.type.CofeeMachine" value="file" />
    <property name="user.variant" value="" />
    <property name="ant.library.dir" value="F:\Dane\Programowanie\eclipse\plugins\org.apache.ant_1.9.2.v201404171502\lib" />
    <property name="java.awt.printerjob" value="sun.awt.windows.WPrinterJob" />
    <property name="sun.io.unicode.encoding" value="UnicodeLittle" />
    <property name="awt.toolkit" value="sun.awt.windows.WToolkit" />
    <property name="user.script" value="" />
    <property name="eclipse.pdebuild.scripts" value="/F:/Dane/Programowanie/eclipse/plugins/org.eclipse.pde.build_3.9.0.v20140415-2029/scripts/" />
    <property name="user.home" value="C:\Users\Dawid" />
    <property name="java.specification.vendor" value="Oracle Corporation" />
    <property name="test" value="C:\Users\Dawid\git\uz_modelowanie\test" />
    <property name="java.library.path" value="F:\Dane\Programowanie\eclipse;C:\Windows\Sun\Java\bin;C:\Windows\system32;C:\Windows;C:/Program Files/Java/jre7/bin/server;C:/Program Files/Java/jre7/bin;C:/Program Files/Java/jre7/lib/amd64;C:\ProgramData\Oracle\Java\javapath;C:\Windows\system32;C:\Windows;C:\Windows\System32\Wbem;C:\Windows\System32\WindowsPowerShell\v1.0\;C:\Program Files\Microsoft SQL Server\110\Tools\Binn\;C:\Program Files (x86)\CloudFoundry;F:\Dane\Programowanie\eclipse;;.;F:\Dane\Programowanie\eclipse\configuration\org.eclipse.osgi\676\0\.cp" />
    <property name="java.vendor.url" value="http://java.oracle.com/" />
    <property name="java.vm.vendor" value="Oracle Corporation" />
    <property name="java.runtime.name" value="Java(TM) SE Runtime Environment" />
    <property name="sun.java.command" value="org.eclipse.ant.internal.launching.remote.InternalAntRunner -Dorg.eclipse.ant.core.ANT_PROCESS_ID=1418669769827 -Declipse.connect.port=50284 -Declipse.pdebuild.home=/F:/Dane/Programowanie/eclipse/plugins/org.eclipse.pde.build_3.9.0.v20140415-2029/./ -Declipse.pdebuild.scripts=/F:/Dane/Programowanie/eclipse/plugins/org.eclipse.pde.build_3.9.0.v20140415-2029/scripts/ -Declipse.pdebuild.templates=/F:/Dane/Programowanie/eclipse/plugins/org.eclipse.pde.build_3.9.0.v20140415-2029/templates/ -Dant.home=F:\Dane\Programowanie\eclipse\plugins\org.apache.ant_1.9.2.v201404171502 -logger org.eclipse.ant.internal.launching.remote.logger.RemoteAntBuildLogger -inputhandler org.eclipse.ant.internal.ui.antsupport.inputhandler.ProxyInputHandler -buildfile C:\Users\Dawid\git\uz_modelowanie\build.xml" />
    <property name="java.class.path" value="F:\Dane\Programowanie\eclipse\plugins\org.apache.ant_1.9.2.v201404171502\lib\ant-antlr.jar;F:\Dane\Programowanie\eclipse\plugins\org.apache.ant_1.9.2.v201404171502\lib\ant-apache-bcel.jar;F:\Dane\Programowanie\eclipse\plugins\org.apache.ant_1.9.2.v201404171502\lib\ant-apache-bsf.jar;F:\Dane\Programowanie\eclipse\plugins\org.apache.ant_1.9.2.v201404171502\lib\ant-apache-log4j.jar;F:\Dane\Programowanie\eclipse\plugins\org.apache.ant_1.9.2.v201404171502\lib\ant-apache-oro.jar;F:\Dane\Programowanie\eclipse\plugins\org.apache.ant_1.9.2.v201404171502\lib\ant-apache-regexp.jar;F:\Dane\Programowanie\eclipse\plugins\org.apache.ant_1.9.2.v201404171502\lib\ant-apache-resolver.jar;F:\Dane\Programowanie\eclipse\plugins\org.apache.ant_1.9.2.v201404171502\lib\ant-apache-xalan2.jar;F:\Dane\Programowanie\eclipse\plugins\org.apache.ant_1.9.2.v201404171502\lib\ant-commons-logging.jar;F:\Dane\Programowanie\eclipse\plugins\org.apache.ant_1.9.2.v201404171502\lib\ant-commons-net.jar;F:\Dane\Programowanie\eclipse\plugins\org.apache.ant_1.9.2.v201404171502\lib\ant-jai.jar;F:\Dane\Programowanie\eclipse\plugins\org.apache.ant_1.9.2.v201404171502\lib\ant-javamail.jar;F:\Dane\Programowanie\eclipse\plugins\org.apache.ant_1.9.2.v201404171502\lib\ant-jdepend.jar;F:\Dane\Programowanie\eclipse\plugins\org.apache.ant_1.9.2.v201404171502\lib\ant-jmf.jar;F:\Dane\Programowanie\eclipse\plugins\org.apache.ant_1.9.2.v201404171502\lib\ant-jsch.jar;F:\Dane\Programowanie\eclipse\plugins\org.apache.ant_1.9.2.v201404171502\lib\ant-junit.jar;F:\Dane\Programowanie\eclipse\plugins\org.apache.ant_1.9.2.v201404171502\lib\ant-junit4.jar;F:\Dane\Programowanie\eclipse\plugins\org.apache.ant_1.9.2.v201404171502\lib\ant-launcher.jar;F:\Dane\Programowanie\eclipse\plugins\org.apache.ant_1.9.2.v201404171502\lib\ant-netrexx.jar;F:\Dane\Programowanie\eclipse\plugins\org.apache.ant_1.9.2.v201404171502\lib\ant-swing.jar;F:\Dane\Programowanie\eclipse\plugins\org.apache.ant_1.9.2.v201404171502\lib\ant-testutil.jar;F:\Dane\Programowanie\eclipse\plugins\org.apache.ant_1.9.2.v201404171502\lib\ant.jar;F:\Dane\Programowanie\eclipse\configuration\org.eclipse.osgi\64\0\.cp\lib\antdebug.jar;F:\Dane\Programowanie\eclipse\configuration\org.eclipse.osgi\64\0\.cp\lib\remote.jar;F:\Dane\Programowanie\eclipse\configuration\org.eclipse.osgi\65\0\.cp\lib\remoteAnt.jar;C:\Program Files\Java\jdk1.7.0_71\lib\tools.jar;F:\Dane\Programowanie\eclipse\plugins\org.eclipse.swt.win32.win32.x86_64_3.103.1.v20140903-1947.jar;F:\Dane\Programowanie\eclipse\plugins\com.instantiations.assist.eclipse.fragment.swt_7.1.0.r37x201109091135.jar" />
    <property name="ant.version" value="Apache Ant(TM) version 1.9.2 compiled on July 8 2013" />
    <property name="java.vm.specification.name" value="Java Virtual Machine Specification" />
    <property name="java.vm.specification.version" value="1.7" />
    <property name="sun.cpu.endian" value="little" />
    <property name="sun.os.patch.level" value="Service Pack 1" />
    <property name="eclipse.pdebuild.home" value="/F:/Dane/Programowanie/eclipse/plugins/org.eclipse.pde.build_3.9.0.v20140415-2029/./" />
    <property name="java.io.tmpdir" value="C:\Users\Dawid\AppData\Local\Temp\" />
    <property name="java.vendor.url.bug" value="http://bugreport.sun.com/bugreport/" />
    <property name="os.arch" value="amd64" />
    <property name="java.awt.graphicsenv" value="sun.awt.Win32GraphicsEnvironment" />
    <property name="java.ext.dirs" value="C:\Program Files\Java\jdk1.7.0_71\jre\lib\ext;C:\Windows\Sun\Java\lib\ext" />
    <property name="user.dir" value="C:\Users\Dawid\git\uz_modelowanie" />
    <property name="line.separator" value="&#xd;&#xa;" />
    <property name="java.vm.name" value="Java HotSpot(TM) 64-Bit Server VM" />
    <property name="basedir" value="C:\Users\Dawid\git\uz_modelowanie" />
    <property name="ant.java.version" value="1.7" />
    <property name="ant.core.lib" value="F:\Dane\Programowanie\eclipse\plugins\org.apache.ant_1.9.2.v201404171502\lib\ant.jar" />
    <property name="file.encoding" value="Cp1250" />
    <property name="java.specification.version" value="1.7" />
    <property name="ant.project.invoked-targets" value="Run tests and generate report" />
  </properties>
  <testcase classname="edu.issi.machine.configuration.MachineConfigurationTest" name="shouldNotCreatesWhenSubassembliesAreNotSetted" time="0.016" />
  <testcase classname="edu.issi.machine.configuration.MachineConfigurationTest" name="shouldNotCreatesWhenProductsAreNotSetted" time="0.016" />
  <system-out><![CDATA[]]></system-out>
  <system-err><![CDATA[]]></system-err>
</testsuite>
