<?xml version="1.0" encoding="UTF-8" ?>
<testsuite errors="0" failures="0" hostname="J11" name="edu.issi.machine.operation.OperationTest" skipped="0" tests="6" time="0.003" timestamp="2015-01-13T10:58:07">
  <properties>
    <property name="java.vendor" value="Oracle Corporation" />
    <property name="sun.java.launcher" value="SUN_STANDARD" />
    <property name="eclipse.pdebuild.templates" value="/D:/331_DSA/eclipse/plugins/org.eclipse.pde.build_3.9.0.v20140415-2029/templates/" />
    <property name="sun.management.compiler" value="HotSpot Client Compiler" />
    <property name="os.name" value="Windows 7" />
    <property name="sun.boot.class.path" value="C:\Program Files (x86)\Java\jdk1.7.0_07\jre\lib\resources.jar;C:\Program Files (x86)\Java\jdk1.7.0_07\jre\lib\rt.jar;C:\Program Files (x86)\Java\jdk1.7.0_07\jre\lib\sunrsasign.jar;C:\Program Files (x86)\Java\jdk1.7.0_07\jre\lib\jsse.jar;C:\Program Files (x86)\Java\jdk1.7.0_07\jre\lib\jce.jar;C:\Program Files (x86)\Java\jdk1.7.0_07\jre\lib\charsets.jar;C:\Program Files (x86)\Java\jdk1.7.0_07\jre\lib\jfr.jar;C:\Program Files (x86)\Java\jdk1.7.0_07\jre\classes" />
    <property name="sun.desktop" value="windows" />
    <property name="java.vm.specification.vendor" value="Oracle Corporation" />
    <property name="ant.home" value="D:\331_DSA\eclipse\plugins\org.apache.ant_1.9.2.v201404171502" />
    <property name="java.runtime.version" value="1.7.0_07-b11" />
    <property name="user.name" value="komputer-1" />
    <property name="product" value="D:\331_DSA\git\uz_modelowanie_coffeemachine\product" />
    <property name="reports" value="D:\331_DSA\git\uz_modelowanie_coffeemachine\reports" />
    <property name="user.language" value="pl" />
    <property name="sun.boot.library.path" value="C:\Program Files (x86)\Java\jdk1.7.0_07\jre\bin" />
    <property name="ant.project.default-target" value="Run tests and generate report" />
    <property name="ant.project.name" value="CofeeMachine" />
    <property name="java.version" value="1.7.0_07" />
    <property name="user.timezone" value="" />
    <property name="bin" value="D:\331_DSA\git\uz_modelowanie_coffeemachine\bin" />
    <property name="sun.arch.data.model" value="32" />
    <property name="java.endorsed.dirs" value="C:\Program Files (x86)\Java\jdk1.7.0_07\jre\lib\endorsed" />
    <property name="sun.cpu.isalist" value="pentium_pro+mmx pentium_pro pentium+mmx pentium i486 i386 i86" />
    <property name="sun.jnu.encoding" value="Cp1250" />
    <property name="file.encoding.pkg" value="sun.io" />
    <property name="file.separator" value="\" />
    <property name="java.specification.name" value="Java Platform API Specification" />
    <property name="java.class.version" value="51.0" />
    <property name="src" value="D:\331_DSA\git\uz_modelowanie_coffeemachine\src" />
    <property name="user.country" value="PL" />
    <property name="java.home" value="C:\Program Files (x86)\Java\jdk1.7.0_07\jre" />
    <property name="java.vm.info" value="mixed mode, sharing" />
    <property name="ant.file" value="D:\331_DSA\git\uz_modelowanie_coffeemachine\build.xml" />
    <property name="os.version" value="6.1" />
    <property name="ant.file.CofeeMachine" value="D:\331_DSA\git\uz_modelowanie_coffeemachine\build.xml" />
    <property name="path.separator" value=";" />
    <property name="java.vm.version" value="23.3-b01" />
    <property name="ant.file.type.CofeeMachine" value="file" />
    <property name="user.variant" value="" />
    <property name="ant.library.dir" value="D:\331_DSA\eclipse\plugins\org.apache.ant_1.9.2.v201404171502\lib" />
    <property name="java.awt.printerjob" value="sun.awt.windows.WPrinterJob" />
    <property name="sun.io.unicode.encoding" value="UnicodeLittle" />
    <property name="awt.toolkit" value="sun.awt.windows.WToolkit" />
    <property name="user.script" value="" />
    <property name="eclipse.pdebuild.scripts" value="/D:/331_DSA/eclipse/plugins/org.eclipse.pde.build_3.9.0.v20140415-2029/scripts/" />
    <property name="user.home" value="C:\Users\komputer-1" />
    <property name="java.specification.vendor" value="Oracle Corporation" />
    <property name="test" value="D:\331_DSA\git\uz_modelowanie_coffeemachine\test" />
    <property name="java.library.path" value="C:\Windows\system32;C:\Windows\Sun\Java\bin;C:\Windows\system32;C:\Windows;C:\Program Files (x86)\Intel\iCLS Client\;C:\Program Files\Intel\iCLS Client\;C:\Windows\system32;C:\Windows;C:\Windows\System32\Wbem;C:\Windows\System32\WindowsPowerShell\v1.0\;C:\Program Files (x86)\Intel\OpenCL SDK\2.0\bin\x86;C:\Program Files (x86)\Intel\OpenCL SDK\2.0\bin\x64;C:\Program Files\Intel\Intel(R) Management Engine Components\DAL;C:\Program Files\Intel\Intel(R) Management Engine Components\IPT;C:\Program Files (x86)\Intel\Intel(R) Management Engine Components\DAL;C:\Program Files (x86)\Intel\Intel(R) Management Engine Components\IPT;C:\Program Files\MATLAB\R2011b\runtime\win64;C:\Program Files\MATLAB\R2011b\bin;C:\Program Files\Microsoft\Web Platform Installer\;C:\Program Files (x86)\Microsoft ASP.NET\ASP.NET Web Pages\v1.0\;C:\Program Files (x86)\Windows Kits\8.0\Windows Performance Toolkit\;C:\Program Files\Microsoft SQL Server\110\Tools\Binn\;C:\Program Files (x86)\Microsoft SQL Server\100\Tools\Binn\;C:\Program Files\Microsoft SQL Server\100\Tools\Binn\;C:\Program Files\Microsoft SQL Server\100\DTS\Binn\;C:\Program Files (x86)\Microsoft SQL Server\100\Tools\Binn\VSShell\Common7\IDE\;C:\Program Files (x86)\Microsoft Visual Studio 9.0\Common7\IDE\PrivateAssemblies\;C:\Program Files (x86)\Microsoft SQL Server\100\DTS\Binn\;C:\Program Files\SASHome\Secure;C:\Program Files\SASHome\x86\Secure;.;D:\331_DSA\eclipse\configuration\org.eclipse.osgi\676\0\.cp" />
    <property name="java.vendor.url" value="http://java.oracle.com/" />
    <property name="java.vm.vendor" value="Oracle Corporation" />
    <property name="java.runtime.name" value="Java(TM) SE Runtime Environment" />
    <property name="sun.java.command" value="org.eclipse.ant.internal.launching.remote.InternalAntRunner -Dorg.eclipse.ant.core.ANT_PROCESS_ID=1421146684241 -Declipse.connect.port=1412 -Declipse.pdebuild.home=/D:/331_DSA/eclipse/plugins/org.eclipse.pde.build_3.9.0.v20140415-2029/./ -Declipse.pdebuild.scripts=/D:/331_DSA/eclipse/plugins/org.eclipse.pde.build_3.9.0.v20140415-2029/scripts/ -Declipse.pdebuild.templates=/D:/331_DSA/eclipse/plugins/org.eclipse.pde.build_3.9.0.v20140415-2029/templates/ -Dant.home=D:\331_DSA\eclipse\plugins\org.apache.ant_1.9.2.v201404171502 -logger org.eclipse.ant.internal.launching.remote.logger.RemoteAntBuildLogger -inputhandler org.eclipse.ant.internal.ui.antsupport.inputhandler.ProxyInputHandler -buildfile D:\331_DSA\git\uz_modelowanie_coffeemachine\build.xml" />
    <property name="java.class.path" value="D:\331_DSA\eclipse\plugins\org.apache.ant_1.9.2.v201404171502\lib\ant-antlr.jar;D:\331_DSA\eclipse\plugins\org.apache.ant_1.9.2.v201404171502\lib\ant-apache-bcel.jar;D:\331_DSA\eclipse\plugins\org.apache.ant_1.9.2.v201404171502\lib\ant-apache-bsf.jar;D:\331_DSA\eclipse\plugins\org.apache.ant_1.9.2.v201404171502\lib\ant-apache-log4j.jar;D:\331_DSA\eclipse\plugins\org.apache.ant_1.9.2.v201404171502\lib\ant-apache-oro.jar;D:\331_DSA\eclipse\plugins\org.apache.ant_1.9.2.v201404171502\lib\ant-apache-regexp.jar;D:\331_DSA\eclipse\plugins\org.apache.ant_1.9.2.v201404171502\lib\ant-apache-resolver.jar;D:\331_DSA\eclipse\plugins\org.apache.ant_1.9.2.v201404171502\lib\ant-apache-xalan2.jar;D:\331_DSA\eclipse\plugins\org.apache.ant_1.9.2.v201404171502\lib\ant-commons-logging.jar;D:\331_DSA\eclipse\plugins\org.apache.ant_1.9.2.v201404171502\lib\ant-commons-net.jar;D:\331_DSA\eclipse\plugins\org.apache.ant_1.9.2.v201404171502\lib\ant-jai.jar;D:\331_DSA\eclipse\plugins\org.apache.ant_1.9.2.v201404171502\lib\ant-javamail.jar;D:\331_DSA\eclipse\plugins\org.apache.ant_1.9.2.v201404171502\lib\ant-jdepend.jar;D:\331_DSA\eclipse\plugins\org.apache.ant_1.9.2.v201404171502\lib\ant-jmf.jar;D:\331_DSA\eclipse\plugins\org.apache.ant_1.9.2.v201404171502\lib\ant-jsch.jar;D:\331_DSA\eclipse\plugins\org.apache.ant_1.9.2.v201404171502\lib\ant-junit.jar;D:\331_DSA\eclipse\plugins\org.apache.ant_1.9.2.v201404171502\lib\ant-junit4.jar;D:\331_DSA\eclipse\plugins\org.apache.ant_1.9.2.v201404171502\lib\ant-launcher.jar;D:\331_DSA\eclipse\plugins\org.apache.ant_1.9.2.v201404171502\lib\ant-netrexx.jar;D:\331_DSA\eclipse\plugins\org.apache.ant_1.9.2.v201404171502\lib\ant-swing.jar;D:\331_DSA\eclipse\plugins\org.apache.ant_1.9.2.v201404171502\lib\ant-testutil.jar;D:\331_DSA\eclipse\plugins\org.apache.ant_1.9.2.v201404171502\lib\ant.jar;D:\331_DSA\eclipse\configuration\org.eclipse.osgi\64\0\.cp\lib\antdebug.jar;D:\331_DSA\eclipse\configuration\org.eclipse.osgi\64\0\.cp\lib\remote.jar;D:\331_DSA\eclipse\configuration\org.eclipse.osgi\65\0\.cp\lib\remoteAnt.jar;C:\Program Files (x86)\Java\jdk1.7.0_07\lib\tools.jar;D:\331_DSA\eclipse\plugins\org.eclipse.swt.win32.win32.x86_64_3.103.1.v20140903-1947.jar;D:\331_DSA\eclipse\plugins\com.instantiations.assist.eclipse.fragment.swt_7.1.0.r37x201109091135.jar" />
    <property name="ant.version" value="Apache Ant(TM) version 1.9.2 compiled on July 8 2013" />
    <property name="java.vm.specification.name" value="Java Virtual Machine Specification" />
    <property name="java.vm.specification.version" value="1.7" />
    <property name="sun.cpu.endian" value="little" />
    <property name="sun.os.patch.level" value="Service Pack 1" />
    <property name="eclipse.pdebuild.home" value="/D:/331_DSA/eclipse/plugins/org.eclipse.pde.build_3.9.0.v20140415-2029/./" />
    <property name="java.io.tmpdir" value="C:\Users\KOMPUT~1\AppData\Local\Temp\" />
    <property name="java.vendor.url.bug" value="http://bugreport.sun.com/bugreport/" />
    <property name="os.arch" value="x86" />
    <property name="java.awt.graphicsenv" value="sun.awt.Win32GraphicsEnvironment" />
    <property name="java.ext.dirs" value="C:\Program Files (x86)\Java\jdk1.7.0_07\jre\lib\ext;C:\Windows\Sun\Java\lib\ext" />
    <property name="user.dir" value="D:\331_DSA\git\uz_modelowanie_coffeemachine" />
    <property name="line.separator" value="&#xd;&#xa;" />
    <property name="java.vm.name" value="Java HotSpot(TM) Client VM" />
    <property name="basedir" value="D:\331_DSA\git\uz_modelowanie_coffeemachine" />
    <property name="ant.java.version" value="1.7" />
    <property name="ant.core.lib" value="D:\331_DSA\eclipse\plugins\org.apache.ant_1.9.2.v201404171502\lib\ant.jar" />
    <property name="file.encoding" value="Cp1250" />
    <property name="java.specification.version" value="1.7" />
    <property name="ant.project.invoked-targets" value="Run tests and generate report" />
  </properties>
  <testcase classname="edu.issi.machine.operation.OperationTest" name="shouldGiveErrorResponseWhenSettedSubassemblyCanNotDoSpecifiedOperation" time="0.0" />
  <testcase classname="edu.issi.machine.operation.OperationTest" name="shouldGiveErrorResponseWhenOnlySubassemblySetted" time="0.0" />
  <testcase classname="edu.issi.machine.operation.OperationTest" name="shouldGiveErrorResponseWhenOnlyIngredientSetted" time="0.001" />
  <testcase classname="edu.issi.machine.operation.OperationTest" name="shouldGiveResponseAfterExecution" time="0.0" />
  <testcase classname="edu.issi.machine.operation.OperationTest" name="shouldExecuteValidlyWhenIngredientAndSubassemblySetted" time="0.0" />
  <testcase classname="edu.issi.machine.operation.OperationTest" name="shouldSetSubassemblyOnlyWhenItCanDoSpecifiedOperation" time="0.0" />
  <system-out><![CDATA[]]></system-out>
  <system-err><![CDATA[]]></system-err>
</testsuite>
